0 info it worked if it ends with ok
1 verbose cli [ '/usr/local/bin/node',
1 verbose cli   '/usr/local/bin/npm',
1 verbose cli   'install',
1 verbose cli   '-g',
1 verbose cli   'nodemon' ]
2 info using npm@2.14.4
3 info using node@v4.1.1
4 verbose install initial load of /usr/local/lib/package.json
5 verbose readDependencies loading dependencies from /usr/local/lib/package.json
6 silly cache add args [ 'nodemon', null ]
7 verbose cache add spec nodemon
8 silly cache add parsed spec Result {
8 silly cache add   raw: 'nodemon',
8 silly cache add   scope: null,
8 silly cache add   name: 'nodemon',
8 silly cache add   rawSpec: '',
8 silly cache add   spec: '*',
8 silly cache add   type: 'range' }
9 silly addNamed nodemon@*
10 verbose addNamed "*" is a valid semver range for nodemon
11 silly addNameRange { name: 'nodemon', range: '*', hasData: false }
12 silly mapToRegistry name nodemon
13 silly mapToRegistry using default registry
14 silly mapToRegistry registry https://registry.npmjs.org/
15 silly mapToRegistry uri https://registry.npmjs.org/nodemon
16 verbose addNameRange registry:https://registry.npmjs.org/nodemon not in flight; fetching
17 verbose request uri https://registry.npmjs.org/nodemon
18 verbose request no auth needed
19 info attempt registry request try #1 at 8:19:27 AM
20 verbose request id 377b2b7ba3b075a2
21 verbose etag "9FP08RWKEPB5VEY3ALVQX80IR"
22 http request GET https://registry.npmjs.org/nodemon
23 http 304 https://registry.npmjs.org/nodemon
24 silly get cb [ 304,
24 silly get   { date: 'Thu, 31 Mar 2016 14:19:27 GMT',
24 silly get     via: '1.1 varnish',
24 silly get     'cache-control': 'max-age=300',
24 silly get     etag: '"9FP08RWKEPB5VEY3ALVQX80IR"',
24 silly get     age: '154',
24 silly get     connection: 'keep-alive',
24 silly get     'x-served-by': 'cache-sjc3129-SJC',
24 silly get     'x-cache': 'HIT',
24 silly get     'x-cache-hits': '1',
24 silly get     'x-timer': 'S1459433967.573174,VS0,VE0',
24 silly get     vary: 'Accept' } ]
25 verbose etag https://registry.npmjs.org/nodemon from cache
26 verbose get saving nodemon to /Users/jakefelzien/.npm/registry.npmjs.org/nodemon/.cache.json
27 silly addNameRange number 2 { name: 'nodemon', range: '*', hasData: true }
28 silly addNameRange versions [ 'nodemon',
28 silly addNameRange   [ '0.1.4',
28 silly addNameRange     '0.1.5',
28 silly addNameRange     '0.1.6',
28 silly addNameRange     '0.1.7',
28 silly addNameRange     '0.1.8',
28 silly addNameRange     '0.2.0',
28 silly addNameRange     '0.2.1',
28 silly addNameRange     '0.2.2',
28 silly addNameRange     '0.3.0',
28 silly addNameRange     '0.3.1',
28 silly addNameRange     '0.3.2',
28 silly addNameRange     '0.4.0',
28 silly addNameRange     '0.4.1',
28 silly addNameRange     '0.5.0',
28 silly addNameRange     '0.5.1',
28 silly addNameRange     '0.5.2',
28 silly addNameRange     '0.5.3',
28 silly addNameRange     '0.5.4',
28 silly addNameRange     '0.5.5',
28 silly addNameRange     '0.5.6',
28 silly addNameRange     '0.5.7',
28 silly addNameRange     '0.6.0',
28 silly addNameRange     '0.6.1',
28 silly addNameRange     '0.6.2',
28 silly addNameRange     '0.6.3',
28 silly addNameRange     '0.6.4',
28 silly addNameRange     '0.6.5',
28 silly addNameRange     '0.6.6',
28 silly addNameRange     '0.6.7',
28 silly addNameRange     '0.6.8',
28 silly addNameRange     '0.6.9',
28 silly addNameRange     '0.6.10',
28 silly addNameRange     '0.6.11',
28 silly addNameRange     '0.6.12',
28 silly addNameRange     '0.6.13',
28 silly addNameRange     '0.6.14',
28 silly addNameRange     '0.6.15',
28 silly addNameRange     '0.6.16',
28 silly addNameRange     '0.6.17',
28 silly addNameRange     '0.6.18',
28 silly addNameRange     '0.6.19',
28 silly addNameRange     '0.6.20',
28 silly addNameRange     '0.6.21',
28 silly addNameRange     '0.6.22',
28 silly addNameRange     '0.6.23',
28 silly addNameRange     '0.7.0',
28 silly addNameRange     '0.7.1',
28 silly addNameRange     '0.7.2',
28 silly addNameRange     '0.7.3',
28 silly addNameRange     '0.7.4',
28 silly addNameRange     '0.7.5',
28 silly addNameRange     '0.7.6',
28 silly addNameRange     '0.7.7',
28 silly addNameRange     '0.7.8',
28 silly addNameRange     '0.7.10',
28 silly addNameRange     '0.9.0',
28 silly addNameRange     '0.9.1',
28 silly addNameRange     '0.9.2',
28 silly addNameRange     '0.9.3',
28 silly addNameRange     '0.9.5',
28 silly addNameRange     '0.9.6',
28 silly addNameRange     '0.9.7',
28 silly addNameRange     '0.9.10',
28 silly addNameRange     '0.9.11',
28 silly addNameRange     '0.9.12',
28 silly addNameRange     '0.9.14',
28 silly addNameRange     '0.9.16',
28 silly addNameRange     '0.9.17',
28 silly addNameRange     '1.0.0',
28 silly addNameRange     '1.0.1',
28 silly addNameRange     '1.0.2',
28 silly addNameRange     '1.0.2-rc',
28 silly addNameRange     '0.6.10-a',
28 silly addNameRange     '1.0.2-rc3',
28 silly addNameRange     '1.0.2-rc4',
28 silly addNameRange     '1.0.3',
28 silly addNameRange     '1.0.4',
28 silly addNameRange     '1.0.5',
28 silly addNameRange     '1.0.6',
28 silly addNameRange     '1.0.7',
28 silly addNameRange     '1.0.8',
28 silly addNameRange     '1.0.9',
28 silly addNameRange     '1.0.10',
28 silly addNameRange     '1.0.11',
28 silly addNameRange     '1.0.12',
28 silly addNameRange     '1.0.13',
28 silly addNameRange     '1.0.14',
28 silly addNameRange     '1.0.15',
28 silly addNameRange     '1.0.16',
28 silly addNameRange     '1.0.17-rc1',
28 silly addNameRange     '1.0.17-rc2',
28 silly addNameRange     '1.0.17',
28 silly addNameRange     '1.0.18',
28 silly addNameRange     '1.0.19',
28 silly addNameRange     '1.0.20',
28 silly addNameRange     '1.1.0-alpha',
28 silly addNameRange     '1.1.0',
28 silly addNameRange     '1.1.1',
28 silly addNameRange     '1.2.0',
28 silly addNameRange     '1.2.1',
28 silly addNameRange     '1.3.0-0',
28 silly addNameRange     '1.3.0-1',
28 silly addNameRange     '1.3.0-2',
28 silly addNameRange     '1.3.0-3',
28 silly addNameRange     '1.3.0-4',
28 silly addNameRange     '1.3.0-5',
28 silly addNameRange     '1.3.0-6',
28 silly addNameRange     '1.3.0-7',
28 silly addNameRange     '1.3.0',
28 silly addNameRange     '1.3.1',
28 silly addNameRange     '1.3.2',
28 silly addNameRange     '1.3.3',
28 silly addNameRange     '1.3.5',
28 silly addNameRange     '1.3.6',
28 silly addNameRange     '1.3.7',
28 silly addNameRange     '1.3.8',
28 silly addNameRange     '1.4.0',
28 silly addNameRange     '1.4.1',
28 silly addNameRange     '1.5.0-alpha1',
28 silly addNameRange     '1.5.0-alpha2',
28 silly addNameRange     '1.5.0-alpha3',
28 silly addNameRange     '1.5.0-alpha4',
28 silly addNameRange     '1.4.2',
28 silly addNameRange     '1.5.0',
28 silly addNameRange     '1.5.1',
28 silly addNameRange     '1.6.0',
28 silly addNameRange     '1.6.1',
28 silly addNameRange     '1.7.0',
28 silly addNameRange     '1.7.1',
28 silly addNameRange     '1.7.2',
28 silly addNameRange     '1.7.3',
28 silly addNameRange     '1.8.0',
28 silly addNameRange     '1.8.1',
28 silly addNameRange     '1.9.0',
28 silly addNameRange     '1.9.1' ] ]
29 silly addNamed nodemon@1.9.1
30 verbose addNamed "1.9.1" is a plain semver version for nodemon
31 silly cache afterAdd nodemon@1.9.1
32 verbose afterAdd /Users/jakefelzien/.npm/nodemon/1.9.1/package/package.json not in flight; writing
33 verbose afterAdd /Users/jakefelzien/.npm/nodemon/1.9.1/package/package.json written
34 silly install resolved [ { name: 'nodemon',
34 silly install resolved     homepage: 'http://nodemon.io',
34 silly install resolved     author: { name: 'Remy Sharp', url: 'http://github.com/remy' },
34 silly install resolved     bin: { nodemon: './bin/nodemon.js' },
34 silly install resolved     engines: { node: '>=0.8' },
34 silly install resolved     repository: { type: 'git', url: 'git+https://github.com/remy/nodemon.git' },
34 silly install resolved     description: 'Simple monitor script for use during development of a node.js app.',
34 silly install resolved     keywords:
34 silly install resolved      [ 'monitor',
34 silly install resolved        'development',
34 silly install resolved        'restart',
34 silly install resolved        'autoload',
34 silly install resolved        'reload',
34 silly install resolved        'terminal' ],
34 silly install resolved     license: 'MIT',
34 silly install resolved     main: './lib/nodemon',
34 silly install resolved     scripts:
34 silly install resolved      { coverage: 'istanbul cover _mocha -- --timeout 30000 --ui bdd --reporter list test/**/*.test.js',
34 silly install resolved        lint: 'jscs lib/**/*.js -v',
34 silly install resolved        ':spec': 'mocha --timeout 30000 --ui bdd test/**/*.test.js',
34 silly install resolved        test: 'npm run lint && npm run spec',
34 silly install resolved        spec: 'for FILE in test/**/*.test.js; do echo $FILE; ./node_modules/.bin/mocha --timeout 30000 $FILE; if [ $? -ne 0 ]; then exit 1; fi; sleep 1; done',
34 silly install resolved        web: 'node web',
34 silly install resolved        'semantic-release': 'semantic-release pre && npm publish && semantic-release post' },
34 silly install resolved     devDependencies:
34 silly install resolved      { async: '1.4.2',
34 silly install resolved        'coffee-script': '~1.7.1',
34 silly install resolved        connect: '~2.19.1',
34 silly install resolved        istanbul: '~0.2.10',
34 silly install resolved        jscs: '2.1.1',
34 silly install resolved        mocha: '2.3.3',
34 silly install resolved        should: '~4.0.0',
34 silly install resolved        'semantic-release': '4.3.5' },
34 silly install resolved     dependencies:
34 silly install resolved      { chokidar: '^1.2.0',
34 silly install resolved        debug: '^2.2.0',
34 silly install resolved        'es6-promise': '^3.0.2',
34 silly install resolved        'ignore-by-default': '^1.0.0',
34 silly install resolved        'lodash.defaults': '^3.1.2',
34 silly install resolved        minimatch: '^3.0.0',
34 silly install resolved        'ps-tree': '^1.0.1',
34 silly install resolved        touch: '1.0.0',
34 silly install resolved        undefsafe: '0.0.3',
34 silly install resolved        'update-notifier': '0.5.0' },
34 silly install resolved     version: '1.9.1',
34 silly install resolved     gitHead: '6ccb29864c7a17b578a5a09b9a2dd382bbb41066',
34 silly install resolved     bugs: { url: 'https://github.com/remy/nodemon/issues' },
34 silly install resolved     _id: 'nodemon@1.9.1',
34 silly install resolved     _shasum: '442071f88c39d801fb0bdfd209413da5dce6dad3',
34 silly install resolved     _from: 'nodemon@*',
34 silly install resolved     _npmVersion: '2.14.20',
34 silly install resolved     _nodeVersion: '5.7.0',
34 silly install resolved     _npmUser: { name: 'remy', email: 'remy@leftlogic.com' },
34 silly install resolved     dist:
34 silly install resolved      { shasum: '442071f88c39d801fb0bdfd209413da5dce6dad3',
34 silly install resolved        tarball: 'http://registry.npmjs.org/nodemon/-/nodemon-1.9.1.tgz' },
34 silly install resolved     maintainers: [ [Object] ],
34 silly install resolved     _npmOperationalInternal:
34 silly install resolved      { host: 'packages-9-west.internal.npmjs.com',
34 silly install resolved        tmp: 'tmp/nodemon-1.9.1.tgz_1456434782204_0.8090351007413119' },
34 silly install resolved     directories: {},
34 silly install resolved     _resolved: 'https://registry.npmjs.org/nodemon/-/nodemon-1.9.1.tgz',
34 silly install resolved     readme: 'ERROR: No README data found!' } ]
35 info install nodemon@1.9.1 into /usr/local/lib
36 info installOne nodemon@1.9.1
37 verbose installOne of nodemon to /usr/local/lib not in flight; installing
38 verbose lock using /Users/jakefelzien/.npm/_locks/nodemon-49f7ed19e778991e.lock for /usr/local/lib/node_modules/nodemon
39 silly install write writing nodemon 1.9.1 to /usr/local/lib/node_modules/nodemon
40 verbose unbuild lib/node_modules/nodemon
41 info preuninstall nodemon@1.7.1
42 info uninstall nodemon@1.7.1
43 verbose unbuild rmStuff nodemon@1.7.1 from /usr/local/lib/node_modules
44 silly gentlyRm /usr/local/bin/nodemon is being gently removed
45 silly gentlyRm verifying /usr/local is an npm working directory
46 silly gentlyRm containing path /usr/local is under npm's control, in /usr/local
47 silly gentlyRm deletion target /usr/local/bin/nodemon is under /usr/local
48 verbose gentlyRm vacuuming from /usr/local/bin/nodemon up to /usr/local
49 silly vacuum-fs removing /usr/local/bin/nodemon
50 verbose unlock done using /Users/jakefelzien/.npm/_locks/nodemon-49f7ed19e778991e.lock for /usr/local/lib/node_modules/nodemon
51 verbose stack Error: EACCES: permission denied, unlink '/usr/local/bin/nodemon'
51 verbose stack     at Error (native)
52 verbose cwd /Users/jakefelzien/webApp_TL_Plus_Backup/sqlQuery
53 error Darwin 15.4.0
54 error argv "/usr/local/bin/node" "/usr/local/bin/npm" "install" "-g" "nodemon"
55 error node v4.1.1
56 error npm  v2.14.4
57 error path /usr/local/bin/nodemon
58 error code EACCES
59 error errno -13
60 error syscall unlink
61 error Error: EACCES: permission denied, unlink '/usr/local/bin/nodemon'
61 error     at Error (native)
61 error  { [Error: EACCES: permission denied, unlink '/usr/local/bin/nodemon']
61 error   errno: -13,
61 error   code: 'EACCES',
61 error   syscall: 'unlink',
61 error   path: '/usr/local/bin/nodemon' }
62 error Please try running this command again as root/Administrator.
63 verbose exit [ -13, true ]
64 verbose unbuild lib/node_modules/nodemon
65 info preuninstall nodemon@1.7.1
66 info uninstall nodemon@1.7.1
67 verbose unbuild rmStuff nodemon@1.7.1 from /usr/local/lib/node_modules
68 silly gentlyRm /usr/local/bin/nodemon is being gently removed
69 silly gentlyRm verifying /usr/local is an npm working directory
70 silly gentlyRm containing path /usr/local is under npm's control, in /usr/local
71 silly gentlyRm deletion target /usr/local/bin/nodemon is under /usr/local
72 verbose gentlyRm vacuuming from /usr/local/bin/nodemon up to /usr/local
73 silly vacuum-fs removing /usr/local/bin/nodemon
74 error error rolling back Error: EACCES: permission denied, unlink '/usr/local/bin/nodemon'
74 error error rolling back     at Error (native)
74 error error rolling back  { [Error: EACCES: permission denied, unlink '/usr/local/bin/nodemon']
74 error error rolling back   errno: -13,
74 error error rolling back   code: 'EACCES',
74 error error rolling back   syscall: 'unlink',
74 error error rolling back   path: '/usr/local/bin/nodemon' }
